# JRE version: OpenJDK Runtime Environment Temurin-21.0.5+11 (21.0.5+11) (build 21.0.5+11-LTS)
# Java VM: OpenJDK 64-Bit Server VM Temurin-21.0.5+11 (21.0.5+11-LTS, mixed mode, sharing, tiered, compressed oops, compressed class ptrs, g1 gc, windows-amd64)
GC Precious Log:
 CardTable entry size: 512
 Card Set container configuration: InlinePtr #cards 5 size 8 Array Of Cards #cards 12 size 40 Howl #buckets 4 coarsen threshold 1843 Howl Bitmap #cards 512 size 80 coarsen threshold 460 Card regions per heap region 1 cards per card region 2048
 CPUs: 8 total, 8 available
 Memory: 7915M
 Large Page Support: Disabled
 NUMA Support: Disabled
 Compressed Oops: Enabled (32-bit)
 Heap Region Size: 1M
 Heap Min Capacity: 8M
 Heap Initial Capacity: 124M
 Heap Max Capacity: 1980M
 Pre-touch: Disabled
 Parallel Workers: 8
 Concurrent Workers: 2
 Concurrent Refinement Workers: 8
 Periodic GC: Disabled
Heap:
 garbage-first heap   total 129024K, used 54801K [0x0000000084400000, 0x0000000100000000)
  region size 1024K, 2 young (2048K), 2 survivors (2048K)
 Metaspace       used 89032K, committed 89728K, reserved 1179648K
  class space    used 11904K, committed 12224K, reserved 1048576K
GC Heap History (20 events):
Event: 32.968 GC heap after
{Heap after GC invocations=16 (full 0):
 garbage-first heap   total 80896K, used 41554K [0x0000000084400000, 0x0000000100000000)
  region size 1024K, 5 young (5120K), 5 survivors (5120K)
 Metaspace       used 67056K, committed 67648K, reserved 1114112K
  class space    used 8539K, committed 8832K, reserved 1048576K
}
Event: 34.873 GC heap before
{Heap before GC invocations=16 (full 0):
 garbage-first heap   total 80896K, used 70226K [0x0000000084400000, 0x0000000100000000)
  region size 1024K, 33 young (33792K), 5 survivors (5120K)
 Metaspace       used 73168K, committed 73792K, reserved 1114112K
  class space    used 9394K, committed 9664K, reserved 1048576K
}
Event: 34.885 GC heap after
{Heap after GC invocations=17 (full 0):
 garbage-first heap   total 80896K, used 43274K [0x0000000084400000, 0x0000000100000000)
  region size 1024K, 2 young (2048K), 2 survivors (2048K)
 Metaspace       used 73168K, committed 73792K, reserved 1114112K
  class space    used 9394K, committed 9664K, reserved 1048576K
}
Event: 35.708 GC heap before
{Heap before GC invocations=17 (full 0):
 garbage-first heap   total 80896K, used 72970K [0x0000000084400000, 0x0000000100000000)
  region size 1024K, 31 young (31744K), 2 survivors (2048K)
 Metaspace       used 75734K, committed 76416K, reserved 1179648K
  class space    used 9816K, committed 10112K, reserved 1048576K
}
Event: 35.712 GC heap after
{Heap after GC invocations=18 (full 0):
 garbage-first heap   total 80896K, used 43202K [0x0000000084400000, 0x0000000100000000)
  region size 1024K, 2 young (2048K), 2 survivors (2048K)
 Metaspace       used 75734K, committed 76416K, reserved 1179648K
  class space    used 9816K, committed 10112K, reserved 1048576K
}
Event: 36.236 GC heap before
{Heap before GC invocations=19 (full 0):
 garbage-first heap   total 80896K, used 72898K [0x0000000084400000, 0x0000000100000000)
  region size 1024K, 31 young (31744K), 2 survivors (2048K)
 Metaspace       used 76868K, committed 77568K, reserved 1179648K
  class space    used 9996K, committed 10304K, reserved 1048576K
}
Event: 36.241 GC heap after
{Heap after GC invocations=20 (full 0):
 garbage-first heap   total 80896K, used 43906K [0x0000000084400000, 0x0000000100000000)
  region size 1024K, 3 young (3072K), 3 survivors (3072K)
 Metaspace       used 76868K, committed 77568K, reserved 1179648K
  class space    used 9996K, committed 10304K, reserved 1048576K
}
Event: 37.574 GC heap before
{Heap before GC invocations=20 (full 0):
 garbage-first heap   total 80896K, used 71554K [0x0000000084400000, 0x0000000100000000)
  region size 1024K, 30 young (30720K), 3 survivors (3072K)
 Metaspace       used 80671K, committed 81344K, reserved 1179648K
  class space    used 10479K, committed 10752K, reserved 1048576K
}
Event: 37.591 GC heap after
{Heap after GC invocations=21 (full 0):
 garbage-first heap   total 80896K, used 46029K [0x0000000084400000, 0x0000000100000000)
  region size 1024K, 4 young (4096K), 4 survivors (4096K)
 Metaspace       used 80671K, committed 81344K, reserved 1179648K
  class space    used 10479K, committed 10752K, reserved 1048576K
}
Event: 41.843 GC heap before
{Heap before GC invocations=21 (full 0):
 garbage-first heap   total 80896K, used 71629K [0x0000000084400000, 0x0000000100000000)
  region size 1024K, 29 young (29696K), 4 survivors (4096K)
 Metaspace       used 85845K, committed 86464K, reserved 1179648K
  class space    used 11324K, committed 11584K, reserved 1048576K
}
Event: 41.860 GC heap after
{Heap after GC invocations=22 (full 0):
 garbage-first heap   total 80896K, used 48780K [0x0000000084400000, 0x0000000100000000)
  region size 1024K, 3 young (3072K), 3 survivors (3072K)
 Metaspace       used 85845K, committed 86464K, reserved 1179648K
  class space    used 11324K, committed 11584K, reserved 1048576K
}
Event: 42.672 GC heap before
{Heap before GC invocations=23 (full 0):
 garbage-first heap   total 81920K, used 72332K [0x0000000084400000, 0x0000000100000000)
  region size 1024K, 27 young (27648K), 3 survivors (3072K)
 Metaspace       used 87525K, committed 88128K, reserved 1179648K
  class space    used 11705K, committed 11968K, reserved 1048576K
}
Event: 42.682 GC heap after
{Heap after GC invocations=24 (full 0):
 garbage-first heap   total 81920K, used 51034K [0x0000000084400000, 0x0000000100000000)
  region size 1024K, 3 young (3072K), 3 survivors (3072K)
 Metaspace       used 87525K, committed 88128K, reserved 1179648K
  class space    used 11705K, committed 11968K, reserved 1048576K
}
Event: 42.763 GC heap before
{Heap before GC invocations=24 (full 0):
 garbage-first heap   total 81920K, used 73562K [0x0000000084400000, 0x0000000100000000)
  region size 1024K, 25 young (25600K), 3 survivors (3072K)
 Metaspace       used 87549K, committed 88192K, reserved 1179648K
  class space    used 11705K, committed 11968K, reserved 1048576K
}
Event: 42.772 GC heap after
{Heap after GC invocations=25 (full 0):
 garbage-first heap   total 81920K, used 50547K [0x0000000084400000, 0x0000000100000000)
  region size 1024K, 1 young (1024K), 1 survivors (1024K)
 Metaspace       used 87549K, committed 88192K, reserved 1179648K
  class space    used 11705K, committed 11968K, reserved 1048576K
}
Event: 43.014 GC heap before
{Heap before GC invocations=25 (full 0):
 garbage-first heap   total 81920K, used 74099K [0x0000000084400000, 0x0000000100000000)
  region size 1024K, 25 young (25600K), 1 survivors (1024K)
 Metaspace       used 89032K, committed 89728K, reserved 1179648K
  class space    used 11904K, committed 12224K, reserved 1048576K
}
Event: 43.018 GC heap after
{Heap after GC invocations=26 (full 0):
 garbage-first heap   total 81920K, used 51606K [0x0000000084400000, 0x0000000100000000)
  region size 1024K, 2 young (2048K), 2 survivors (2048K)
 Metaspace       used 89032K, committed 89728K, reserved 1179648K
  class space    used 11904K, committed 12224K, reserved 1048576K
}
Event: 43.102 GC heap before
{Heap before GC invocations=27 (full 0):
 garbage-first heap   total 87040K, used 74134K [0x0000000084400000, 0x0000000100000000)
  region size 1024K, 24 young (24576K), 2 survivors (2048K)
 Metaspace       used 89032K, committed 89728K, reserved 1179648K
  class space    used 11904K, committed 12224K, reserved 1048576K
}
Event: 43.109 GC heap after
{Heap after GC invocations=28 (full 0):
 garbage-first heap   total 87040K, used 53987K [0x0000000084400000, 0x0000000100000000)
  region size 1024K, 3 young (3072K), 3 survivors (3072K)
 Metaspace       used 89032K, committed 89728K, reserved 1179648K
  class space    used 11904K, committed 12224K, reserved 1048576K
}
Event: 43.152 GC heap before
{Heap before GC invocations=28 (full 0):
 garbage-first heap   total 87040K, used 78563K [0x0000000084400000, 0x0000000100000000)
  region size 1024K, 27 young (27648K), 3 survivors (3072K)
 Metaspace       used 89032K, committed 89728K, reserved 1179648K
  class space    used 11904K, committed 12224K, reserved 1048576K
}

