# JRE version: OpenJDK Runtime Environment Temurin-21.0.5+11 (21.0.5+11) (build 21.0.5+11-LTS)
# Java VM: OpenJDK 64-Bit Server VM Temurin-21.0.5+11 (21.0.5+11-LTS, mixed mode, sharing, tiered, compressed oops, compressed class ptrs, g1 gc, windows-amd64)
GC Precious Log:
 CardTable entry size: 512
 Card Set container configuration: InlinePtr #cards 5 size 8 Array Of Cards #cards 12 size 40 Howl #buckets 4 coarsen threshold 1843 Howl Bitmap #cards 512 size 80 coarsen threshold 460 Card regions per heap region 1 cards per card region 2048
 CPUs: 8 total, 8 available
 Memory: 7915M
 Large Page Support: Disabled
 NUMA Support: Disabled
 Compressed Oops: Enabled (32-bit)
 Heap Region Size: 1M
 Heap Min Capacity: 8M
 Heap Initial Capacity: 124M
 Heap Max Capacity: 1980M
 Pre-touch: Disabled
 Parallel Workers: 8
 Concurrent Workers: 2
 Concurrent Refinement Workers: 8
 Periodic GC: Disabled
Heap:
 garbage-first heap   total 135168K, used 80329K [0x0000000084400000, 0x0000000100000000)
  region size 1024K, 3 young (3072K), 3 survivors (3072K)
 Metaspace       used 98954K, committed 99648K, reserved 1179648K
  class space    used 12926K, committed 13248K, reserved 1048576K
GC Heap History (20 events):
Event: 34.804 GC heap after
{Heap after GC invocations=18 (full 0):
 garbage-first heap   total 96256K, used 48583K [0x0000000084400000, 0x0000000100000000)
  region size 1024K, 6 young (6144K), 6 survivors (6144K)
 Metaspace       used 85150K, committed 85760K, reserved 1179648K
  class space    used 11190K, committed 11456K, reserved 1048576K
}
Event: 35.349 GC heap before
{Heap before GC invocations=19 (full 0):
 garbage-first heap   total 96256K, used 83399K [0x0000000084400000, 0x0000000100000000)
  region size 1024K, 40 young (40960K), 6 survivors (6144K)
 Metaspace       used 86739K, committed 87424K, reserved 1179648K
  class space    used 11584K, committed 11904K, reserved 1048576K
}
Event: 35.364 GC heap after
{Heap after GC invocations=20 (full 0):
 garbage-first heap   total 96256K, used 49961K [0x0000000084400000, 0x0000000100000000)
  region size 1024K, 2 young (2048K), 2 survivors (2048K)
 Metaspace       used 86739K, committed 87424K, reserved 1179648K
  class space    used 11584K, committed 11904K, reserved 1048576K
}
Event: 35.775 GC heap before
{Heap before GC invocations=20 (full 0):
 garbage-first heap   total 96256K, used 86825K [0x0000000084400000, 0x0000000100000000)
  region size 1024K, 38 young (38912K), 2 survivors (2048K)
 Metaspace       used 89026K, committed 89664K, reserved 1179648K
  class space    used 11895K, committed 12160K, reserved 1048576K
}
Event: 35.789 GC heap after
{Heap after GC invocations=21 (full 0):
 garbage-first heap   total 96256K, used 53070K [0x0000000084400000, 0x0000000100000000)
  region size 1024K, 5 young (5120K), 5 survivors (5120K)
 Metaspace       used 89026K, committed 89664K, reserved 1179648K
  class space    used 11895K, committed 12160K, reserved 1048576K
}
Event: 35.875 GC heap before
{Heap before GC invocations=21 (full 0):
 garbage-first heap   total 96256K, used 84814K [0x0000000084400000, 0x0000000100000000)
  region size 1024K, 36 young (36864K), 5 survivors (5120K)
 Metaspace       used 89032K, committed 89664K, reserved 1179648K
  class space    used 11895K, committed 12160K, reserved 1048576K
}
Event: 35.882 GC heap after
{Heap after GC invocations=22 (full 0):
 garbage-first heap   total 96256K, used 51215K [0x0000000084400000, 0x0000000100000000)
  region size 1024K, 1 young (1024K), 1 survivors (1024K)
 Metaspace       used 89032K, committed 89664K, reserved 1179648K
  class space    used 11895K, committed 12160K, reserved 1048576K
}
Event: 35.991 GC heap before
{Heap before GC invocations=23 (full 0):
 garbage-first heap   total 96256K, used 88079K [0x0000000084400000, 0x0000000100000000)
  region size 1024K, 37 young (37888K), 1 survivors (1024K)
 Metaspace       used 89035K, committed 89664K, reserved 1179648K
  class space    used 11895K, committed 12160K, reserved 1048576K
}
Event: 35.993 GC heap after
{Heap after GC invocations=24 (full 0):
 garbage-first heap   total 96256K, used 51884K [0x0000000084400000, 0x0000000100000000)
  region size 1024K, 2 young (2048K), 2 survivors (2048K)
 Metaspace       used 89035K, committed 89664K, reserved 1179648K
  class space    used 11895K, committed 12160K, reserved 1048576K
}
Event: 36.051 GC heap before
{Heap before GC invocations=24 (full 0):
 garbage-first heap   total 96256K, used 86700K [0x0000000084400000, 0x0000000100000000)
  region size 1024K, 36 young (36864K), 2 survivors (2048K)
 Metaspace       used 89051K, committed 89664K, reserved 1179648K
  class space    used 11898K, committed 12160K, reserved 1048576K
}
Event: 36.091 GC heap after
{Heap after GC invocations=25 (full 0):
 garbage-first heap   total 135168K, used 55045K [0x0000000084400000, 0x0000000100000000)
  region size 1024K, 5 young (5120K), 5 survivors (5120K)
 Metaspace       used 89051K, committed 89664K, reserved 1179648K
  class space    used 11898K, committed 12160K, reserved 1048576K
}
Event: 36.288 GC heap before
{Heap before GC invocations=25 (full 0):
 garbage-first heap   total 135168K, used 121605K [0x0000000084400000, 0x0000000100000000)
  region size 1024K, 70 young (71680K), 5 survivors (5120K)
 Metaspace       used 89067K, committed 89664K, reserved 1179648K
  class space    used 11898K, committed 12160K, reserved 1048576K
}
Event: 36.297 GC heap after
{Heap after GC invocations=26 (full 0):
 garbage-first heap   total 135168K, used 56677K [0x0000000084400000, 0x0000000100000000)
  region size 1024K, 6 young (6144K), 6 survivors (6144K)
 Metaspace       used 89067K, committed 89664K, reserved 1179648K
  class space    used 11898K, committed 12160K, reserved 1048576K
}
Event: 36.442 GC heap before
{Heap before GC invocations=26 (full 0):
 garbage-first heap   total 135168K, used 120165K [0x0000000084400000, 0x0000000100000000)
  region size 1024K, 68 young (69632K), 6 survivors (6144K)
 Metaspace       used 89077K, committed 89664K, reserved 1179648K
  class space    used 11898K, committed 12160K, reserved 1048576K
}
Event: 36.447 GC heap after
{Heap after GC invocations=27 (full 0):
 garbage-first heap   total 135168K, used 55341K [0x0000000084400000, 0x0000000100000000)
  region size 1024K, 4 young (4096K), 4 survivors (4096K)
 Metaspace       used 89077K, committed 89664K, reserved 1179648K
  class space    used 11898K, committed 12160K, reserved 1048576K
}
Event: 36.497 GC heap before
{Heap before GC invocations=27 (full 0):
 garbage-first heap   total 135168K, used 90157K [0x0000000084400000, 0x0000000100000000)
  region size 1024K, 39 young (39936K), 4 survivors (4096K)
 Metaspace       used 89077K, committed 89664K, reserved 1179648K
  class space    used 11898K, committed 12160K, reserved 1048576K
}
Event: 36.512 GC heap after
{Heap after GC invocations=28 (full 0):
 garbage-first heap   total 135168K, used 69632K [0x0000000084400000, 0x0000000100000000)
  region size 1024K, 9 young (9216K), 9 survivors (9216K)
 Metaspace       used 89077K, committed 89664K, reserved 1179648K
  class space    used 11898K, committed 12160K, reserved 1048576K
}
Event: 37.472 GC heap before
{Heap before GC invocations=29 (full 0):
 garbage-first heap   total 135168K, used 110592K [0x0000000084400000, 0x0000000100000000)
  region size 1024K, 48 young (49152K), 9 survivors (9216K)
 Metaspace       used 94374K, committed 95040K, reserved 1179648K
  class space    used 12495K, committed 12800K, reserved 1048576K
}
Event: 37.486 GC heap after
{Heap after GC invocations=30 (full 0):
 garbage-first heap   total 135168K, used 77824K [0x0000000084400000, 0x0000000100000000)
  region size 1024K, 6 young (6144K), 6 survivors (6144K)
 Metaspace       used 94374K, committed 95040K, reserved 1179648K
  class space    used 12495K, committed 12800K, reserved 1048576K
}
Event: 38.907 GC heap before
{Heap before GC invocations=30 (full 0):
 garbage-first heap   total 135168K, used 114688K [0x0000000084400000, 0x0000000100000000)
  region size 1024K, 42 young (43008K), 6 survivors (6144K)
 Metaspace       used 98954K, committed 99648K, reserved 1179648K
  class space    used 12926K, committed 13248K, reserved 1048576K
}

