# JRE version: OpenJDK Runtime Environment Temurin-21.0.5+11 (21.0.5+11) (build 21.0.5+11-LTS)
# Java VM: OpenJDK 64-Bit Server VM Temurin-21.0.5+11 (21.0.5+11-LTS, mixed mode, sharing, tiered, compressed oops, compressed class ptrs, g1 gc, windows-amd64)
GC Precious Log:
 CardTable entry size: 512
 Card Set container configuration: InlinePtr #cards 5 size 8 Array Of Cards #cards 12 size 40 Howl #buckets 4 coarsen threshold 1843 Howl Bitmap #cards 512 size 80 coarsen threshold 460 Card regions per heap region 1 cards per card region 2048
 CPUs: 8 total, 8 available
 Memory: 7915M
 Large Page Support: Disabled
 NUMA Support: Disabled
 Compressed Oops: Enabled (32-bit)
 Heap Region Size: 1M
 Heap Min Capacity: 8M
 Heap Initial Capacity: 124M
 Heap Max Capacity: 1980M
 Pre-touch: Disabled
 Parallel Workers: 8
 Concurrent Workers: 2
 Concurrent Refinement Workers: 8
 Periodic GC: Disabled
Heap:
 garbage-first heap   total 351232K, used 248523K [0x0000000084400000, 0x0000000100000000)
  region size 1024K, 130 young (133120K), 9 survivors (9216K)
 Metaspace       used 119553K, committed 120576K, reserved 1179648K
  class space    used 15490K, committed 16000K, reserved 1048576K
GC Heap History (20 events):
Event: 42.012 GC heap before
{Heap before GC invocations=27 (full 0):
 garbage-first heap   total 97280K, used 86010K [0x0000000084400000, 0x0000000100000000)
  region size 1024K, 35 young (35840K), 4 survivors (4096K)
 Metaspace       used 88963K, committed 89664K, reserved 1179648K
  class space    used 11887K, committed 12160K, reserved 1048576K
}
Event: 42.021 GC heap after
{Heap after GC invocations=28 (full 0):
 garbage-first heap   total 156672K, used 56246K [0x0000000084400000, 0x0000000100000000)
  region size 1024K, 5 young (5120K), 5 survivors (5120K)
 Metaspace       used 88963K, committed 89664K, reserved 1179648K
  class space    used 11887K, committed 12160K, reserved 1048576K
}
Event: 42.234 GC heap before
{Heap before GC invocations=28 (full 0):
 garbage-first heap   total 156672K, used 142262K [0x0000000084400000, 0x0000000100000000)
  region size 1024K, 89 young (91136K), 5 survivors (5120K)
 Metaspace       used 88965K, committed 89664K, reserved 1179648K
  class space    used 11887K, committed 12160K, reserved 1048576K
}
Event: 42.248 GC heap after
{Heap after GC invocations=29 (full 0):
 garbage-first heap   total 157696K, used 65035K [0x0000000084400000, 0x0000000100000000)
  region size 1024K, 12 young (12288K), 12 survivors (12288K)
 Metaspace       used 88965K, committed 89664K, reserved 1179648K
  class space    used 11887K, committed 12160K, reserved 1048576K
}
Event: 42.373 GC heap before
{Heap before GC invocations=29 (full 0):
 garbage-first heap   total 157696K, used 135691K [0x0000000084400000, 0x0000000100000000)
  region size 1024K, 81 young (82944K), 12 survivors (12288K)
 Metaspace       used 88965K, committed 89664K, reserved 1179648K
  class space    used 11887K, committed 12160K, reserved 1048576K
}
Event: 42.402 GC heap after
{Heap after GC invocations=30 (full 0):
 garbage-first heap   total 164864K, used 81408K [0x0000000084400000, 0x0000000100000000)
  region size 1024K, 11 young (11264K), 11 survivors (11264K)
 Metaspace       used 88965K, committed 89664K, reserved 1179648K
  class space    used 11887K, committed 12160K, reserved 1048576K
}
Event: 46.016 GC heap before
{Heap before GC invocations=31 (full 0):
 garbage-first heap   total 164864K, used 140800K [0x0000000084400000, 0x0000000100000000)
  region size 1024K, 69 young (70656K), 11 survivors (11264K)
 Metaspace       used 97384K, committed 98048K, reserved 1179648K
  class space    used 12762K, committed 13056K, reserved 1048576K
}
Event: 46.042 GC heap after
{Heap after GC invocations=32 (full 0):
 garbage-first heap   total 164864K, used 92160K [0x0000000084400000, 0x0000000100000000)
  region size 1024K, 9 young (9216K), 9 survivors (9216K)
 Metaspace       used 97384K, committed 98048K, reserved 1179648K
  class space    used 12762K, committed 13056K, reserved 1048576K
}
Event: 46.837 GC heap before
{Heap before GC invocations=32 (full 0):
 garbage-first heap   total 164864K, used 142336K [0x0000000084400000, 0x0000000100000000)
  region size 1024K, 58 young (59392K), 9 survivors (9216K)
 Metaspace       used 98857K, committed 99584K, reserved 1179648K
  class space    used 12922K, committed 13248K, reserved 1048576K
}
Event: 46.848 GC heap after
{Heap after GC invocations=33 (full 0):
 garbage-first heap   total 164864K, used 97057K [0x0000000084400000, 0x0000000100000000)
  region size 1024K, 4 young (4096K), 4 survivors (4096K)
 Metaspace       used 98857K, committed 99584K, reserved 1179648K
  class space    used 12922K, committed 13248K, reserved 1048576K
}
Event: 46.916 GC heap before
{Heap before GC invocations=33 (full 0):
 garbage-first heap   total 164864K, used 145185K [0x0000000084400000, 0x0000000100000000)
  region size 1024K, 51 young (52224K), 4 survivors (4096K)
 Metaspace       used 98857K, committed 99584K, reserved 1179648K
  class space    used 12922K, committed 13248K, reserved 1048576K
}
Event: 46.927 GC heap after
{Heap after GC invocations=34 (full 0):
 garbage-first heap   total 164864K, used 109568K [0x0000000084400000, 0x0000000100000000)
  region size 1024K, 7 young (7168K), 7 survivors (7168K)
 Metaspace       used 98857K, committed 99584K, reserved 1179648K
  class space    used 12922K, committed 13248K, reserved 1048576K
}
Event: 47.105 GC heap before
{Heap before GC invocations=35 (full 0):
 garbage-first heap   total 164864K, used 119808K [0x0000000084400000, 0x0000000100000000)
  region size 1024K, 38 young (38912K), 7 survivors (7168K)
 Metaspace       used 98929K, committed 99648K, reserved 1179648K
  class space    used 12933K, committed 13248K, reserved 1048576K
}
Event: 47.116 GC heap after
{Heap after GC invocations=36 (full 0):
 garbage-first heap   total 164864K, used 94104K [0x0000000084400000, 0x0000000100000000)
  region size 1024K, 5 young (5120K), 5 survivors (5120K)
 Metaspace       used 98929K, committed 99648K, reserved 1179648K
  class space    used 12933K, committed 13248K, reserved 1048576K
}
Event: 47.202 GC heap before
{Heap before GC invocations=36 (full 0):
 garbage-first heap   total 164864K, used 137112K [0x0000000084400000, 0x0000000100000000)
  region size 1024K, 47 young (48128K), 5 survivors (5120K)
 Metaspace       used 98929K, committed 99648K, reserved 1179648K
  class space    used 12933K, committed 13248K, reserved 1048576K
}
Event: 47.211 GC heap after
{Heap after GC invocations=37 (full 0):
 garbage-first heap   total 351232K, used 95174K [0x0000000084400000, 0x0000000100000000)
  region size 1024K, 6 young (6144K), 6 survivors (6144K)
 Metaspace       used 98929K, committed 99648K, reserved 1179648K
  class space    used 12933K, committed 13248K, reserved 1048576K
}
Event: 48.465 GC heap before
{Heap before GC invocations=37 (full 0):
 garbage-first heap   total 351232K, used 242630K [0x0000000084400000, 0x0000000100000000)
  region size 1024K, 149 young (152576K), 6 survivors (6144K)
 Metaspace       used 100640K, committed 101440K, reserved 1179648K
  class space    used 13080K, committed 13440K, reserved 1048576K
}
Event: 48.487 GC heap after
{Heap after GC invocations=38 (full 0):
 garbage-first heap   total 351232K, used 115712K [0x0000000084400000, 0x0000000100000000)
  region size 1024K, 19 young (19456K), 19 survivors (19456K)
 Metaspace       used 100640K, committed 101440K, reserved 1179648K
  class space    used 13080K, committed 13440K, reserved 1048576K
}
Event: 57.703 GC heap before
{Heap before GC invocations=38 (full 0):
 garbage-first heap   total 351232K, used 249856K [0x0000000084400000, 0x0000000100000000)
  region size 1024K, 151 young (154624K), 19 survivors (19456K)
 Metaspace       used 112570K, committed 113536K, reserved 1179648K
  class space    used 14538K, committed 14976K, reserved 1048576K
}
Event: 57.730 GC heap after
{Heap after GC invocations=39 (full 0):
 garbage-first heap   total 351232K, used 125643K [0x0000000084400000, 0x0000000100000000)
  region size 1024K, 9 young (9216K), 9 survivors (9216K)
 Metaspace       used 112570K, committed 113536K, reserved 1179648K
  class space    used 14538K, committed 14976K, reserved 1048576K
}

