# JRE version: OpenJDK Runtime Environment Temurin-21.0.5+11 (21.0.5+11) (build 21.0.5+11-LTS)
# Java VM: OpenJDK 64-Bit Server VM Temurin-21.0.5+11 (21.0.5+11-LTS, mixed mode, sharing, tiered, compressed oops, compressed class ptrs, g1 gc, windows-amd64)
GC Precious Log:
 CardTable entry size: 512
 Card Set container configuration: InlinePtr #cards 5 size 8 Array Of Cards #cards 12 size 40 Howl #buckets 4 coarsen threshold 1843 Howl Bitmap #cards 512 size 80 coarsen threshold 460 Card regions per heap region 1 cards per card region 2048
 CPUs: 8 total, 8 available
 Memory: 7915M
 Large Page Support: Disabled
 NUMA Support: Disabled
 Compressed Oops: Enabled (32-bit)
 Heap Region Size: 1M
 Heap Min Capacity: 8M
 Heap Initial Capacity: 124M
 Heap Max Capacity: 1980M
 Pre-touch: Disabled
 Parallel Workers: 8
 Concurrent Workers: 2
 Concurrent Refinement Workers: 8
 Periodic GC: Disabled
Heap:
 garbage-first heap   total 136192K, used 75776K [0x0000000084400000, 0x0000000100000000)
  region size 1024K, 4 young (4096K), 4 survivors (4096K)
 Metaspace       used 93242K, committed 94016K, reserved 1179648K
  class space    used 12377K, committed 12736K, reserved 1048576K
GC Heap History (20 events):
Event: 18.766 GC heap after
{Heap after GC invocations=18 (full 0):
 garbage-first heap   total 94208K, used 43727K [0x0000000084400000, 0x0000000100000000)
  region size 1024K, 3 young (3072K), 3 survivors (3072K)
 Metaspace       used 78053K, committed 78784K, reserved 1179648K
  class space    used 10112K, committed 10432K, reserved 1048576K
}
Event: 19.944 GC heap before
{Heap before GC invocations=18 (full 0):
 garbage-first heap   total 94208K, used 83663K [0x0000000084400000, 0x0000000100000000)
  region size 1024K, 42 young (43008K), 3 survivors (3072K)
 Metaspace       used 84032K, committed 84736K, reserved 1179648K
  class space    used 10899K, committed 11200K, reserved 1048576K
}
Event: 19.954 GC heap after
{Heap after GC invocations=19 (full 0):
 garbage-first heap   total 94208K, used 46985K [0x0000000084400000, 0x0000000100000000)
  region size 1024K, 6 young (6144K), 6 survivors (6144K)
 Metaspace       used 84032K, committed 84736K, reserved 1179648K
  class space    used 10899K, committed 11200K, reserved 1048576K
}
Event: 20.515 GC heap before
{Heap before GC invocations=20 (full 0):
 garbage-first heap   total 94208K, used 79753K [0x0000000084400000, 0x0000000100000000)
  region size 1024K, 39 young (39936K), 6 survivors (6144K)
 Metaspace       used 87516K, committed 88256K, reserved 1179648K
  class space    used 11701K, committed 12032K, reserved 1048576K
}
Event: 20.527 GC heap after
{Heap after GC invocations=21 (full 0):
 garbage-first heap   total 94208K, used 51020K [0x0000000084400000, 0x0000000100000000)
  region size 1024K, 4 young (4096K), 4 survivors (4096K)
 Metaspace       used 87516K, committed 88256K, reserved 1179648K
  class space    used 11701K, committed 12032K, reserved 1048576K
}
Event: 21.305 GC heap before
{Heap before GC invocations=21 (full 0):
 garbage-first heap   total 94208K, used 83788K [0x0000000084400000, 0x0000000100000000)
  region size 1024K, 36 young (36864K), 4 survivors (4096K)
 Metaspace       used 88943K, committed 89664K, reserved 1179648K
  class space    used 11875K, committed 12224K, reserved 1048576K
}
Event: 21.312 GC heap after
{Heap after GC invocations=22 (full 0):
 garbage-first heap   total 113664K, used 52224K [0x0000000084400000, 0x0000000100000000)
  region size 1024K, 3 young (3072K), 3 survivors (3072K)
 Metaspace       used 88943K, committed 89664K, reserved 1179648K
  class space    used 11875K, committed 12224K, reserved 1048576K
}
Event: 21.401 GC heap before
{Heap before GC invocations=22 (full 0):
 garbage-first heap   total 113664K, used 102400K [0x0000000084400000, 0x0000000100000000)
  region size 1024K, 52 young (53248K), 3 survivors (3072K)
 Metaspace       used 88946K, committed 89664K, reserved 1179648K
  class space    used 11875K, committed 12224K, reserved 1048576K
}
Event: 21.403 GC heap after
{Heap after GC invocations=23 (full 0):
 garbage-first heap   total 113664K, used 50474K [0x0000000084400000, 0x0000000100000000)
  region size 1024K, 2 young (2048K), 2 survivors (2048K)
 Metaspace       used 88946K, committed 89664K, reserved 1179648K
  class space    used 11875K, committed 12224K, reserved 1048576K
}
Event: 21.521 GC heap before
{Heap before GC invocations=24 (full 0):
 garbage-first heap   total 113664K, used 103722K [0x0000000084400000, 0x0000000100000000)
  region size 1024K, 54 young (55296K), 2 survivors (2048K)
 Metaspace       used 88996K, committed 89728K, reserved 1179648K
  class space    used 11879K, committed 12224K, reserved 1048576K
}
Event: 21.528 GC heap after
{Heap after GC invocations=25 (full 0):
 garbage-first heap   total 113664K, used 53536K [0x0000000084400000, 0x0000000100000000)
  region size 1024K, 5 young (5120K), 5 survivors (5120K)
 Metaspace       used 88996K, committed 89728K, reserved 1179648K
  class space    used 11879K, committed 12224K, reserved 1048576K
}
Event: 21.614 GC heap before
{Heap before GC invocations=25 (full 0):
 garbage-first heap   total 113664K, used 100640K [0x0000000084400000, 0x0000000100000000)
  region size 1024K, 51 young (52224K), 5 survivors (5120K)
 Metaspace       used 89000K, committed 89728K, reserved 1179648K
  class space    used 11879K, committed 12224K, reserved 1048576K
}
Event: 21.621 GC heap after
{Heap after GC invocations=26 (full 0):
 garbage-first heap   total 113664K, used 53437K [0x0000000084400000, 0x0000000100000000)
  region size 1024K, 4 young (4096K), 4 survivors (4096K)
 Metaspace       used 89000K, committed 89728K, reserved 1179648K
  class space    used 11879K, committed 12224K, reserved 1048576K
}
Event: 21.691 GC heap before
{Heap before GC invocations=26 (full 0):
 garbage-first heap   total 113664K, used 101565K [0x0000000084400000, 0x0000000100000000)
  region size 1024K, 51 young (52224K), 4 survivors (4096K)
 Metaspace       used 89002K, committed 89728K, reserved 1179648K
  class space    used 11879K, committed 12224K, reserved 1048576K
}
Event: 21.700 GC heap after
{Heap after GC invocations=27 (full 0):
 garbage-first heap   total 113664K, used 55326K [0x0000000084400000, 0x0000000100000000)
  region size 1024K, 6 young (6144K), 6 survivors (6144K)
 Metaspace       used 89002K, committed 89728K, reserved 1179648K
  class space    used 11879K, committed 12224K, reserved 1048576K
}
Event: 21.775 GC heap before
{Heap before GC invocations=28 (full 0):
 garbage-first heap   total 113664K, used 99358K [0x0000000084400000, 0x0000000100000000)
  region size 1024K, 49 young (50176K), 6 survivors (6144K)
 Metaspace       used 89008K, committed 89728K, reserved 1179648K
  class space    used 11879K, committed 12224K, reserved 1048576K
}
Event: 21.786 GC heap after
{Heap after GC invocations=29 (full 0):
 garbage-first heap   total 113664K, used 57244K [0x0000000084400000, 0x0000000100000000)
  region size 1024K, 7 young (7168K), 7 survivors (7168K)
 Metaspace       used 89008K, committed 89728K, reserved 1179648K
  class space    used 11879K, committed 12224K, reserved 1048576K
}
Event: 21.864 GC heap before
{Heap before GC invocations=29 (full 0):
 garbage-first heap   total 113664K, used 99228K [0x0000000084400000, 0x0000000100000000)
  region size 1024K, 47 young (48128K), 7 survivors (7168K)
 Metaspace       used 89206K, committed 89856K, reserved 1179648K
  class space    used 11928K, committed 12224K, reserved 1048576K
}
Event: 21.888 GC heap after
{Heap after GC invocations=30 (full 0):
 garbage-first heap   total 120832K, used 71680K [0x0000000084400000, 0x0000000100000000)
  region size 1024K, 6 young (6144K), 6 survivors (6144K)
 Metaspace       used 89206K, committed 89856K, reserved 1179648K
  class space    used 11928K, committed 12224K, reserved 1048576K
}
Event: 22.339 GC heap before
{Heap before GC invocations=30 (full 0):
 garbage-first heap   total 120832K, used 100352K [0x0000000084400000, 0x0000000100000000)
  region size 1024K, 35 young (35840K), 6 survivors (6144K)
 Metaspace       used 93242K, committed 94016K, reserved 1179648K
  class space    used 12377K, committed 12736K, reserved 1048576K
}

